e:\lab_2_provided\lab_2_provided\x64\debug\vc143.pdb
e:\lab_2_provided\lab_2_provided\x64\debug\vc143.idb
e:\lab_2_provided\lab_2_provided\x64\debug\glad.obj
c:\users\never\downloads\compressed\graphics-3d-classroom-main\graphics-3d-classroom-main\with light\3d classroom\lab_2_provided\lab_2_provided\x64\debug\vc143.pdb
c:\users\never\downloads\compressed\graphics-3d-classroom-main\graphics-3d-classroom-main\with light\3d classroom\lab_2_provided\lab_2_provided\x64\debug\vc143.idb
c:\users\never\downloads\compressed\graphics-3d-classroom-main\graphics-3d-classroom-main\with light\3d classroom\lab_2_provided\lab_2_provided\x64\debug\glad.obj
c:\users\never\downloads\compressed\graphics-3d-classroom-main\graphics-3d-classroom-main\with light\3d classroom\lab_2_provided\lab_2_provided\x64\debug\stb_image.obj
c:\users\never\downloads\compressed\graphics-3d-classroom-main\graphics-3d-classroom-main\with light\3d classroom\lab_2_provided\lab_2_provided\x64\debug\main.obj
e:\lab_2_provided\x64\debug\lab_2_provided.exe
e:\lab_2_provided\x64\debug\lab_2_provided.pdb
c:\users\never\source\repos\lab_2_provided\x64\debug\lab_2_provided.exe
c:\users\never\source\repos\lab_2_provided\x64\debug\lab_2_provided.pdb
c:\users\never\downloads\compressed\graphics-3d-classroom-main\graphics-3d-classroom-main\with light\3d classroom\lab_2_provided\x64\debug\lab_2_provided.exe
c:\users\never\downloads\compressed\graphics-3d-classroom-main\graphics-3d-classroom-main\with light\3d classroom\lab_2_provided\x64\debug\lab_2_provided.pdb
c:\users\never\downloads\compressed\graphics-3d-classroom-main\graphics-3d-classroom-main\with light\3d classroom\lab_2_provided\lab_2_provided\x64\debug\lab_2_provided.ilk
c:\users\never\downloads\compressed\graphics-3d-classroom-main\graphics-3d-classroom-main\with light\3d classroom\lab_2_provided\lab_2_provided\x64\debug\lab_2_provided.tlog\cl.command.1.tlog
c:\users\never\downloads\compressed\graphics-3d-classroom-main\graphics-3d-classroom-main\with light\3d classroom\lab_2_provided\lab_2_provided\x64\debug\lab_2_provided.tlog\cl.items.tlog
c:\users\never\downloads\compressed\graphics-3d-classroom-main\graphics-3d-classroom-main\with light\3d classroom\lab_2_provided\lab_2_provided\x64\debug\lab_2_provided.tlog\cl.read.1.tlog
c:\users\never\downloads\compressed\graphics-3d-classroom-main\graphics-3d-classroom-main\with light\3d classroom\lab_2_provided\lab_2_provided\x64\debug\lab_2_provided.tlog\cl.write.1.tlog
c:\users\never\downloads\compressed\graphics-3d-classroom-main\graphics-3d-classroom-main\with light\3d classroom\lab_2_provided\lab_2_provided\x64\debug\lab_2_provided.tlog\link.command.1.tlog
c:\users\never\downloads\compressed\graphics-3d-classroom-main\graphics-3d-classroom-main\with light\3d classroom\lab_2_provided\lab_2_provided\x64\debug\lab_2_provided.tlog\link.read.1.tlog
c:\users\never\downloads\compressed\graphics-3d-classroom-main\graphics-3d-classroom-main\with light\3d classroom\lab_2_provided\lab_2_provided\x64\debug\lab_2_provided.tlog\link.secondary.1.tlog
c:\users\never\downloads\compressed\graphics-3d-classroom-main\graphics-3d-classroom-main\with light\3d classroom\lab_2_provided\lab_2_provided\x64\debug\lab_2_provided.tlog\link.write.1.tlog
